<?xml version="1.0" encoding="UTF-8"?>
<testng-results skipped="0" failed="0" ignored="0" total="1" passed="1">
  <reporter-output>
  </reporter-output>
  <suite name="Default suite" duration-ms="143691" started-at="2019-09-16T22:11:22Z" finished-at="2019-09-16T22:13:46Z">
    <groups>
    </groups>
    <test name="Default test" duration-ms="143691" started-at="2019-09-16T22:11:22Z" finished-at="2019-09-16T22:13:46Z">
      <class name="actions.BookTicketsSuccessfullyTestSuite">
        <test-method status="PASS" signature="startUp()[pri:0, instance:actions.BookTicketsSuccessfullyTestSuite@c038203]" name="startUp" is-config="true" duration-ms="8633" started-at="2019-09-16T23:11:22Z" finished-at="2019-09-16T23:11:31Z">
          <reporter-output>
          </reporter-output>
        </test-method> <!-- startUp -->
        <test-method status="PASS" signature="bookAOneWayTicketSuccessfully()[pri:1, instance:actions.BookTicketsSuccessfullyTestSuite@c038203]" name="bookAOneWayTicketSuccessfully" duration-ms="129650" started-at="2019-09-16T23:11:31Z" finished-at="2019-09-16T23:13:40Z">
          <reporter-output>
          </reporter-output>
        </test-method> <!-- bookAOneWayTicketSuccessfully -->
        <test-method status="PASS" signature="tearDown()[pri:0, instance:actions.BookTicketsSuccessfullyTestSuite@c038203]" name="tearDown" is-config="true" duration-ms="5390" started-at="2019-09-16T23:13:40Z" finished-at="2019-09-16T23:13:46Z">
          <reporter-output>
          </reporter-output>
        </test-method> <!-- tearDown -->
      </class> <!-- actions.BookTicketsSuccessfullyTestSuite -->
    </test> <!-- Default test -->
  </suite> <!-- Default suite -->
</testng-results>
